
epoch 0 Testing  avg loss 0.6242839155164251
{'mcc': 0.5646286535511954, 'acc': 0.7893634840871022, 'f1': 0.6831364081105572}
[[ 152  128   67]
 [  24 1440  102]
 [  33  149  293]]
---------------------------------------------------

epoch 1 Testing  avg loss 0.7504417007574096
{'mcc': 0.6512998683814696, 'acc': 0.7776381909547738, 'f1': 0.7612845759321668}
[[ 311   26   10]
 [ 155 1107  304]
 [   9   27  439]]
---------------------------------------------------

epoch 2 Testing  avg loss 1.0327120593252177
{'mcc': 0.59918407677764, 'acc': 0.7282244556113903, 'f1': 0.7161294556975459}
[[305  25  17]
 [195 989 382]
 [  8  22 445]]
---------------------------------------------------

epoch 3 Testing  avg loss 0.8226380822358553
{'mcc': 0.6406079315279529, 'acc': 0.7763819095477387, 'f1': 0.7597645517294994}
[[ 295   39   13]
 [ 128 1122  316]
 [   4   34  437]]
---------------------------------------------------

epoch 4 Testing  avg loss 0.864482830076114
{'mcc': 0.5774546711089429, 'acc': 0.7554438860971524, 'f1': 0.7058558633874815}
[[ 204   62   81]
 [  87 1187  292]
 [   3   59  413]]
---------------------------------------------------

epoch 5 Testing  avg loss 0.8396751178988414
{'mcc': 0.6273292894084396, 'acc': 0.7809882747068677, 'f1': 0.7533632555236579}
[[ 303   39    5]
 [ 170 1174  222]
 [  17   70  388]]
---------------------------------------------------

epoch 6 Testing  avg loss 0.9341956197516214
{'mcc': 0.6397947643277324, 'acc': 0.7809882747068677, 'f1': 0.7580303777230987}
[[ 305   32   10]
 [ 169 1146  251]
 [  10   51  414]]
---------------------------------------------------

epoch 7 Testing  avg loss 0.9510280120092675
{'mcc': 0.634930358541271, 'acc': 0.7814070351758794, 'f1': 0.7567922846460003}
[[ 306   35    6]
 [ 172 1158  236]
 [  13   60  402]]
---------------------------------------------------

epoch 8 Testing  avg loss 0.9707501342529462
{'mcc': 0.6415430674784995, 'acc': 0.7843383584589615, 'f1': 0.7594249464335654}
[[ 310   30    7]
 [ 181 1160  225]
 [  14   58  403]]
---------------------------------------------------

epoch 9 Testing  avg loss 1.1446224221362837
{'mcc': 0.6319459553214266, 'acc': 0.7688442211055276, 'f1': 0.7484547859916968}
[[ 308   27   12]
 [ 182 1105  279]
 [  10   42  423]]
---------------------------------------------------

epoch 10 Testing  avg loss 1.1062890011154838
{'mcc': 0.6402244241367783, 'acc': 0.7801507537688442, 'f1': 0.7591497742472253}
[[ 303   33   11]
 [ 157 1140  269]
 [   7   48  420]]
---------------------------------------------------

epoch 11 Testing  avg loss 1.0130267966425075
{'mcc': 0.6516565804446384, 'acc': 0.7893634840871022, 'f1': 0.7684013290244575}
[[ 302   35   10]
 [ 147 1160  259]
 [   5   47  423]]
---------------------------------------------------

epoch 12 Testing  avg loss 1.0345242439906357
{'mcc': 0.6455185095228146, 'acc': 0.7843383584589615, 'f1': 0.7622584844662006}
[[ 306   32    9]
 [ 161 1150  255]
 [  10   48  417]]
---------------------------------------------------

epoch 13 Testing  avg loss 1.0461096298814394
{'mcc': 0.6457896402338467, 'acc': 0.7847571189279732, 'f1': 0.7622864456165407}
[[ 306   32    9]
 [ 161 1152  253]
 [  11   48  416]]
---------------------------------------------------

epoch 14 Testing  avg loss 1.0517183125721263
{'mcc': 0.6452805786723057, 'acc': 0.7843383584589615, 'f1': 0.7619377961228012}
[[ 306   32    9]
 [ 161 1151  254]
 [  11   48  416]]
---------------------------------------------------

##############################Finish#############################################
